<?xml version="1.0" encoding="UTF-8"?>
<coverage generated="1599812678831" clover="3.2.0">
  <project timestamp="1599812678831" name="All files">
    <metrics statements="17" coveredstatements="8" conditionals="10" coveredconditionals="1" methods="4" coveredmethods="1" elements="31" coveredelements="10" complexity="0" loc="17" ncloc="17" packages="1" files="1" classes="1"/>
    <file name="App.js" path="/Users/rohitbansal/WebstormProjects/TestingReactNative/App.js">
      <metrics statements="17" coveredstatements="8" conditionals="10" coveredconditionals="1" methods="4" coveredmethods="1"/>
      <line num="4" count="1" type="stmt"/>
      <line num="9" count="1" type="stmt"/>
      <line num="10" count="1" type="stmt"/>
      <line num="11" count="1" type="stmt"/>
      <line num="12" count="1" type="stmt"/>
      <line num="14" count="1" type="stmt"/>
      <line num="15" count="0" type="cond" truecount="0" falsecount="4"/>
      <line num="16" count="0" type="stmt"/>
      <line num="17" count="0" type="cond" truecount="0" falsecount="2"/>
      <line num="18" count="0" type="stmt"/>
      <line num="19" count="0" type="cond" truecount="0" falsecount="2"/>
      <line num="20" count="0" type="stmt"/>
      <line num="23" count="0" type="stmt"/>
      <line num="26" count="1" type="stmt"/>
      <line num="37" count="0" type="stmt"/>
      <line num="44" count="0" type="stmt"/>
      <line num="60" count="1" type="stmt"/>
    </file>
  </project>
</coverage>
