{"/Users/rohitbansal/WebstormProjects/TestingReactNative/App.js": {"path":"/Users/rohitbansal/WebstormProjects/TestingReactNative/App.js","statementMap":{"0":{"start":{"line":4,"column":32},"end":{"line":8,"column":1}},"1":{"start":{"line":9,"column":12},"end":{"line":58,"column":1}},"2":{"start":{"line":10,"column":34},"end":{"line":10,"column":46}},"3":{"start":{"line":11,"column":34},"end":{"line":11,"column":46}},"4":{"start":{"line":12,"column":48},"end":{"line":12,"column":60}},"5":{"start":{"line":14,"column":18},"end":{"line":25,"column":3}},"6":{"start":{"line":15,"column":4},"end":{"line":24,"column":5}},"7":{"start":{"line":16,"column":6},"end":{"line":16,"column":53}},"8":{"start":{"line":17,"column":11},"end":{"line":24,"column":5}},"9":{"start":{"line":18,"column":6},"end":{"line":18,"column":57}},"10":{"start":{"line":19,"column":11},"end":{"line":24,"column":5}},"11":{"start":{"line":20,"column":6},"end":{"line":20,"column":57}},"12":{"start":{"line":23,"column":6},"end":{"line":23,"column":62}},"13":{"start":{"line":26,"column":2},"end":{"line":57,"column":4}},"14":{"start":{"line":37,"column":36},"end":{"line":37,"column":53}},"15":{"start":{"line":44,"column":36},"end":{"line":44,"column":53}},"16":{"start":{"line":60,"column":15},"end":{"line":79,"column":2}}},"fnMap":{"0":{"name":"(anonymous_0)","decl":{"start":{"line":9,"column":12},"end":{"line":9,"column":13}},"loc":{"start":{"line":9,"column":18},"end":{"line":58,"column":1}},"line":9},"1":{"name":"(anonymous_1)","decl":{"start":{"line":14,"column":18},"end":{"line":14,"column":19}},"loc":{"start":{"line":14,"column":24},"end":{"line":25,"column":3}},"line":14},"2":{"name":"(anonymous_2)","decl":{"start":{"line":37,"column":26},"end":{"line":37,"column":27}},"loc":{"start":{"line":37,"column":36},"end":{"line":37,"column":53}},"line":37},"3":{"name":"(anonymous_3)","decl":{"start":{"line":44,"column":26},"end":{"line":44,"column":27}},"loc":{"start":{"line":44,"column":36},"end":{"line":44,"column":53}},"line":44}},"branchMap":{"0":{"loc":{"start":{"line":15,"column":4},"end":{"line":24,"column":5}},"type":"if","locations":[{"start":{"line":15,"column":4},"end":{"line":24,"column":5}},{"start":{"line":15,"column":4},"end":{"line":24,"column":5}}],"line":15},"1":{"loc":{"start":{"line":15,"column":8},"end":{"line":15,"column":54}},"type":"binary-expr","locations":[{"start":{"line":15,"column":8},"end":{"line":15,"column":29}},{"start":{"line":15,"column":33},"end":{"line":15,"column":54}}],"line":15},"2":{"loc":{"start":{"line":17,"column":11},"end":{"line":24,"column":5}},"type":"if","locations":[{"start":{"line":17,"column":11},"end":{"line":24,"column":5}},{"start":{"line":17,"column":11},"end":{"line":24,"column":5}}],"line":17},"3":{"loc":{"start":{"line":19,"column":11},"end":{"line":24,"column":5}},"type":"if","locations":[{"start":{"line":19,"column":11},"end":{"line":24,"column":5}},{"start":{"line":19,"column":11},"end":{"line":24,"column":5}}],"line":19},"4":{"loc":{"start":{"line":28,"column":9},"end":{"line":32,"column":9}},"type":"binary-expr","locations":[{"start":{"line":28,"column":9},"end":{"line":28,"column":37}},{"start":{"line":29,"column":12},"end":{"line":31,"column":19}}],"line":28}},"s":{"0":1,"1":1,"2":1,"3":1,"4":1,"5":1,"6":0,"7":0,"8":0,"9":0,"10":0,"11":0,"12":0,"13":1,"14":0,"15":0,"16":1},"f":{"0":1,"1":0,"2":0,"3":0},"b":{"0":[0,0],"1":[0,0],"2":[0,0],"3":[0,0],"4":[1,0]},"_coverageSchema":"1a1c01bbd47fc00a2c39e90264f33305004495a9","hash":"8cdac668f7ca92284a4bf1312ff9d22359794566"}
}
