{"/Users/rohitbansal/WebstormProjects/TestingReactNative/App.js": {"path":"/Users/rohitbansal/WebstormProjects/TestingReactNative/App.js","statementMap":{"0":{"start":{"line":27,"column":30},"end":{"line":73,"column":1}},"1":{"start":{"line":28,"column":2},"end":{"line":72,"column":4}},"2":{"start":{"line":75,"column":15},"end":{"line":112,"column":2}}},"fnMap":{"0":{"name":"(anonymous_0)","decl":{"start":{"line":27,"column":30},"end":{"line":27,"column":31}},"loc":{"start":{"line":27,"column":36},"end":{"line":73,"column":1}},"line":27}},"branchMap":{"0":{"loc":{"start":{"line":36,"column":11},"end":{"line":40,"column":11}},"type":"cond-expr","locations":[{"start":{"line":36,"column":43},"end":{"line":36,"column":47}},{"start":{"line":37,"column":12},"end":{"line":39,"column":19}}],"line":36}},"s":{"0":1,"1":1,"2":1},"f":{"0":1},"b":{"0":[1,0]},"_coverageSchema":"1a1c01bbd47fc00a2c39e90264f33305004495a9","hash":"38bc3e26ad389868153cb67b70ccd9401552de01"}
,"/Users/rohitbansal/WebstormProjects/TestingReactNative/src/Screens/LoginScreen/Login.js": {"path":"/Users/rohitbansal/WebstormProjects/TestingReactNative/src/Screens/LoginScreen/Login.js","statementMap":{"0":{"start":{"line":5,"column":32},"end":{"line":9,"column":1}},"1":{"start":{"line":10,"column":14},"end":{"line":73,"column":1}},"2":{"start":{"line":11,"column":36},"end":{"line":11,"column":48}},"3":{"start":{"line":12,"column":36},"end":{"line":12,"column":48}},"4":{"start":{"line":13,"column":50},"end":{"line":13,"column":62}},"5":{"start":{"line":15,"column":20},"end":{"line":26,"column":5}},"6":{"start":{"line":16,"column":8},"end":{"line":25,"column":9}},"7":{"start":{"line":17,"column":12},"end":{"line":17,"column":59}},"8":{"start":{"line":18,"column":15},"end":{"line":25,"column":9}},"9":{"start":{"line":19,"column":12},"end":{"line":19,"column":63}},"10":{"start":{"line":20,"column":15},"end":{"line":25,"column":9}},"11":{"start":{"line":21,"column":12},"end":{"line":21,"column":63}},"12":{"start":{"line":24,"column":12},"end":{"line":24,"column":68}},"13":{"start":{"line":28,"column":21},"end":{"line":30,"column":5}},"14":{"start":{"line":29,"column":8},"end":{"line":29,"column":34}},"15":{"start":{"line":31,"column":4},"end":{"line":72,"column":6}},"16":{"start":{"line":44,"column":44},"end":{"line":44,"column":61}},"17":{"start":{"line":51,"column":44},"end":{"line":51,"column":61}}},"fnMap":{"0":{"name":"(anonymous_0)","decl":{"start":{"line":10,"column":14},"end":{"line":10,"column":15}},"loc":{"start":{"line":10,"column":32},"end":{"line":73,"column":1}},"line":10},"1":{"name":"(anonymous_1)","decl":{"start":{"line":15,"column":20},"end":{"line":15,"column":21}},"loc":{"start":{"line":15,"column":26},"end":{"line":26,"column":5}},"line":15},"2":{"name":"(anonymous_2)","decl":{"start":{"line":28,"column":21},"end":{"line":28,"column":22}},"loc":{"start":{"line":28,"column":27},"end":{"line":30,"column":5}},"line":28},"3":{"name":"(anonymous_3)","decl":{"start":{"line":44,"column":34},"end":{"line":44,"column":35}},"loc":{"start":{"line":44,"column":44},"end":{"line":44,"column":61}},"line":44},"4":{"name":"(anonymous_4)","decl":{"start":{"line":51,"column":34},"end":{"line":51,"column":35}},"loc":{"start":{"line":51,"column":44},"end":{"line":51,"column":61}},"line":51}},"branchMap":{"0":{"loc":{"start":{"line":16,"column":8},"end":{"line":25,"column":9}},"type":"if","locations":[{"start":{"line":16,"column":8},"end":{"line":25,"column":9}},{"start":{"line":16,"column":8},"end":{"line":25,"column":9}}],"line":16},"1":{"loc":{"start":{"line":16,"column":12},"end":{"line":16,"column":58}},"type":"binary-expr","locations":[{"start":{"line":16,"column":12},"end":{"line":16,"column":33}},{"start":{"line":16,"column":37},"end":{"line":16,"column":58}}],"line":16},"2":{"loc":{"start":{"line":18,"column":15},"end":{"line":25,"column":9}},"type":"if","locations":[{"start":{"line":18,"column":15},"end":{"line":25,"column":9}},{"start":{"line":18,"column":15},"end":{"line":25,"column":9}}],"line":18},"3":{"loc":{"start":{"line":20,"column":15},"end":{"line":25,"column":9}},"type":"if","locations":[{"start":{"line":20,"column":15},"end":{"line":25,"column":9}},{"start":{"line":20,"column":15},"end":{"line":25,"column":9}}],"line":20},"4":{"loc":{"start":{"line":33,"column":17},"end":{"line":37,"column":17}},"type":"binary-expr","locations":[{"start":{"line":33,"column":17},"end":{"line":33,"column":45}},{"start":{"line":34,"column":20},"end":{"line":36,"column":27}}],"line":33}},"s":{"0":1,"1":1,"2":12,"3":12,"4":12,"5":12,"6":4,"7":1,"8":3,"9":1,"10":2,"11":1,"12":1,"13":12,"14":0,"15":12,"16":2,"17":2},"f":{"0":12,"1":4,"2":0,"3":2,"4":2},"b":{"0":[1,3],"1":[4,2],"2":[1,2],"3":[1,1],"4":[12,3]},"_coverageSchema":"1a1c01bbd47fc00a2c39e90264f33305004495a9","hash":"f874809400f4e9bb4d6a0d9ee3856e0d24ce3cc6"}
,"/Users/rohitbansal/WebstormProjects/TestingReactNative/src/Screens/LoginScreen/styles.js": {"path":"/Users/rohitbansal/WebstormProjects/TestingReactNative/src/Screens/LoginScreen/styles.js","statementMap":{},"fnMap":{},"branchMap":{},"s":{},"f":{},"b":{},"_coverageSchema":"1a1c01bbd47fc00a2c39e90264f33305004495a9","hash":"c028f4b7603ccf2bdf6c8b82fdf6bab3dffb62ed"}
,"/Users/rohitbansal/WebstormProjects/TestingReactNative/src/Screens/SignupScreen/Signup.js": {"path":"/Users/rohitbansal/WebstormProjects/TestingReactNative/src/Screens/SignupScreen/Signup.js","statementMap":{"0":{"start":{"line":5,"column":32},"end":{"line":14,"column":1}},"1":{"start":{"line":15,"column":15},"end":{"line":114,"column":1}},"2":{"start":{"line":16,"column":28},"end":{"line":16,"column":40}},"3":{"start":{"line":17,"column":30},"end":{"line":17,"column":42}},"4":{"start":{"line":18,"column":44},"end":{"line":18,"column":56}},"5":{"start":{"line":19,"column":36},"end":{"line":19,"column":48}},"6":{"start":{"line":20,"column":36},"end":{"line":20,"column":48}},"7":{"start":{"line":21,"column":50},"end":{"line":21,"column":62}},"8":{"start":{"line":22,"column":50},"end":{"line":22,"column":62}},"9":{"start":{"line":24,"column":20},"end":{"line":43,"column":5}},"10":{"start":{"line":25,"column":8},"end":{"line":42,"column":9}},"11":{"start":{"line":26,"column":12},"end":{"line":26,"column":59}},"12":{"start":{"line":27,"column":15},"end":{"line":42,"column":9}},"13":{"start":{"line":28,"column":12},"end":{"line":28,"column":59}},"14":{"start":{"line":29,"column":15},"end":{"line":42,"column":9}},"15":{"start":{"line":30,"column":12},"end":{"line":30,"column":60}},"16":{"start":{"line":31,"column":15},"end":{"line":42,"column":9}},"17":{"start":{"line":32,"column":12},"end":{"line":32,"column":67}},"18":{"start":{"line":33,"column":15},"end":{"line":42,"column":9}},"19":{"start":{"line":34,"column":12},"end":{"line":34,"column":63}},"20":{"start":{"line":35,"column":15},"end":{"line":42,"column":9}},"21":{"start":{"line":36,"column":12},"end":{"line":36,"column":63}},"22":{"start":{"line":37,"column":15},"end":{"line":42,"column":9}},"23":{"start":{"line":38,"column":12},"end":{"line":38,"column":70}},"24":{"start":{"line":41,"column":12},"end":{"line":41,"column":68}},"25":{"start":{"line":45,"column":22},"end":{"line":49,"column":5}},"26":{"start":{"line":46,"column":8},"end":{"line":48,"column":56}},"27":{"start":{"line":50,"column":4},"end":{"line":113,"column":6}},"28":{"start":{"line":63,"column":44},"end":{"line":63,"column":57}},"29":{"start":{"line":70,"column":44},"end":{"line":70,"column":58}},"30":{"start":{"line":77,"column":44},"end":{"line":77,"column":65}},"31":{"start":{"line":84,"column":44},"end":{"line":84,"column":61}},"32":{"start":{"line":91,"column":44},"end":{"line":91,"column":61}},"33":{"start":{"line":99,"column":44},"end":{"line":99,"column":68}}},"fnMap":{"0":{"name":"(anonymous_0)","decl":{"start":{"line":15,"column":15},"end":{"line":15,"column":16}},"loc":{"start":{"line":15,"column":21},"end":{"line":114,"column":1}},"line":15},"1":{"name":"(anonymous_1)","decl":{"start":{"line":24,"column":20},"end":{"line":24,"column":21}},"loc":{"start":{"line":24,"column":26},"end":{"line":43,"column":5}},"line":24},"2":{"name":"(anonymous_2)","decl":{"start":{"line":45,"column":22},"end":{"line":45,"column":23}},"loc":{"start":{"line":45,"column":26},"end":{"line":49,"column":5}},"line":45},"3":{"name":"(anonymous_3)","decl":{"start":{"line":63,"column":34},"end":{"line":63,"column":35}},"loc":{"start":{"line":63,"column":44},"end":{"line":63,"column":57}},"line":63},"4":{"name":"(anonymous_4)","decl":{"start":{"line":70,"column":34},"end":{"line":70,"column":35}},"loc":{"start":{"line":70,"column":44},"end":{"line":70,"column":58}},"line":70},"5":{"name":"(anonymous_5)","decl":{"start":{"line":77,"column":34},"end":{"line":77,"column":35}},"loc":{"start":{"line":77,"column":44},"end":{"line":77,"column":65}},"line":77},"6":{"name":"(anonymous_6)","decl":{"start":{"line":84,"column":34},"end":{"line":84,"column":35}},"loc":{"start":{"line":84,"column":44},"end":{"line":84,"column":61}},"line":84},"7":{"name":"(anonymous_7)","decl":{"start":{"line":91,"column":34},"end":{"line":91,"column":35}},"loc":{"start":{"line":91,"column":44},"end":{"line":91,"column":61}},"line":91},"8":{"name":"(anonymous_8)","decl":{"start":{"line":99,"column":34},"end":{"line":99,"column":35}},"loc":{"start":{"line":99,"column":44},"end":{"line":99,"column":68}},"line":99}},"branchMap":{"0":{"loc":{"start":{"line":25,"column":8},"end":{"line":42,"column":9}},"type":"if","locations":[{"start":{"line":25,"column":8},"end":{"line":42,"column":9}},{"start":{"line":25,"column":8},"end":{"line":42,"column":9}}],"line":25},"1":{"loc":{"start":{"line":27,"column":15},"end":{"line":42,"column":9}},"type":"if","locations":[{"start":{"line":27,"column":15},"end":{"line":42,"column":9}},{"start":{"line":27,"column":15},"end":{"line":42,"column":9}}],"line":27},"2":{"loc":{"start":{"line":29,"column":15},"end":{"line":42,"column":9}},"type":"if","locations":[{"start":{"line":29,"column":15},"end":{"line":42,"column":9}},{"start":{"line":29,"column":15},"end":{"line":42,"column":9}}],"line":29},"3":{"loc":{"start":{"line":31,"column":15},"end":{"line":42,"column":9}},"type":"if","locations":[{"start":{"line":31,"column":15},"end":{"line":42,"column":9}},{"start":{"line":31,"column":15},"end":{"line":42,"column":9}}],"line":31},"4":{"loc":{"start":{"line":33,"column":15},"end":{"line":42,"column":9}},"type":"if","locations":[{"start":{"line":33,"column":15},"end":{"line":42,"column":9}},{"start":{"line":33,"column":15},"end":{"line":42,"column":9}}],"line":33},"5":{"loc":{"start":{"line":35,"column":15},"end":{"line":42,"column":9}},"type":"if","locations":[{"start":{"line":35,"column":15},"end":{"line":42,"column":9}},{"start":{"line":35,"column":15},"end":{"line":42,"column":9}}],"line":35},"6":{"loc":{"start":{"line":37,"column":15},"end":{"line":42,"column":9}},"type":"if","locations":[{"start":{"line":37,"column":15},"end":{"line":42,"column":9}},{"start":{"line":37,"column":15},"end":{"line":42,"column":9}}],"line":37},"7":{"loc":{"start":{"line":46,"column":16},"end":{"line":48,"column":54}},"type":"binary-expr","locations":[{"start":{"line":46,"column":16},"end":{"line":46,"column":31}},{"start":{"line":46,"column":35},"end":{"line":46,"column":51}},{"start":{"line":47,"column":12},"end":{"line":47,"column":35}},{"start":{"line":48,"column":12},"end":{"line":48,"column":31}},{"start":{"line":48,"column":35},"end":{"line":48,"column":54}}],"line":46},"8":{"loc":{"start":{"line":52,"column":13},"end":{"line":56,"column":13}},"type":"binary-expr","locations":[{"start":{"line":52,"column":13},"end":{"line":52,"column":41}},{"start":{"line":53,"column":16},"end":{"line":55,"column":23}}],"line":52}},"s":{"0":1,"1":1,"2":52,"3":52,"4":52,"5":52,"6":52,"7":52,"8":52,"9":52,"10":8,"11":1,"12":7,"13":1,"14":6,"15":1,"16":5,"17":1,"18":4,"19":1,"20":3,"21":1,"22":2,"23":1,"24":1,"25":52,"26":8,"27":52,"28":6,"29":6,"30":6,"31":6,"32":6,"33":6},"f":{"0":52,"1":8,"2":8,"3":6,"4":6,"5":6,"6":6,"7":6,"8":6},"b":{"0":[1,7],"1":[1,6],"2":[1,5],"3":[1,4],"4":[1,3],"5":[1,2],"6":[1,1],"7":[8,2,1,1,1],"8":[52,7]},"_coverageSchema":"1a1c01bbd47fc00a2c39e90264f33305004495a9","hash":"1fabdd8dc56685ffad20447f82506e3a5abb980f"}
,"/Users/rohitbansal/WebstormProjects/TestingReactNative/src/Screens/SignupScreen/styles.js": {"path":"/Users/rohitbansal/WebstormProjects/TestingReactNative/src/Screens/SignupScreen/styles.js","statementMap":{},"fnMap":{},"branchMap":{},"s":{},"f":{},"b":{},"_coverageSchema":"1a1c01bbd47fc00a2c39e90264f33305004495a9","hash":"54cf7576ee9cbcabfaaef43fb3a21f3363251303"}
}
