TN:
SF:App.js
FN:27,(anonymous_0)
FNF:1
FNH:1
FNDA:1,(anonymous_0)
DA:27,1
DA:28,1
DA:75,1
LF:3
LH:3
BRDA:36,0,0,1
BRDA:36,0,1,0
BRF:2
BRH:1
end_of_record
TN:
SF:src/Screens/LoginScreen/Login.js
FN:10,(anonymous_0)
FN:15,(anonymous_1)
FN:28,(anonymous_2)
FN:44,(anonymous_3)
FN:51,(anonymous_4)
FNF:5
FNH:4
FNDA:12,(anonymous_0)
FNDA:4,(anonymous_1)
FNDA:0,(anonymous_2)
FNDA:2,(anonymous_3)
FNDA:2,(anonymous_4)
DA:5,1
DA:10,1
DA:11,12
DA:12,12
DA:13,12
DA:15,12
DA:16,4
DA:17,1
DA:18,3
DA:19,1
DA:20,2
DA:21,1
DA:24,1
DA:28,12
DA:29,0
DA:31,12
DA:44,2
DA:51,2
LF:18
LH:17
BRDA:16,0,0,1
BRDA:16,0,1,3
BRDA:16,1,0,4
BRDA:16,1,1,2
BRDA:18,2,0,1
BRDA:18,2,1,2
BRDA:20,3,0,1
BRDA:20,3,1,1
BRDA:33,4,0,12
BRDA:33,4,1,3
BRF:10
BRH:10
end_of_record
TN:
SF:src/Screens/LoginScreen/styles.js
FNF:0
FNH:0
LF:0
LH:0
BRF:0
BRH:0
end_of_record
TN:
SF:src/Screens/SignupScreen/Signup.js
FN:15,(anonymous_0)
FN:24,(anonymous_1)
FN:45,(anonymous_2)
FN:63,(anonymous_3)
FN:70,(anonymous_4)
FN:77,(anonymous_5)
FN:84,(anonymous_6)
FN:91,(anonymous_7)
FN:99,(anonymous_8)
FNF:9
FNH:9
FNDA:52,(anonymous_0)
FNDA:8,(anonymous_1)
FNDA:8,(anonymous_2)
FNDA:6,(anonymous_3)
FNDA:6,(anonymous_4)
FNDA:6,(anonymous_5)
FNDA:6,(anonymous_6)
FNDA:6,(anonymous_7)
FNDA:6,(anonymous_8)
DA:5,1
DA:15,1
DA:16,52
DA:17,52
DA:18,52
DA:19,52
DA:20,52
DA:21,52
DA:22,52
DA:24,52
DA:25,8
DA:26,1
DA:27,7
DA:28,1
DA:29,6
DA:30,1
DA:31,5
DA:32,1
DA:33,4
DA:34,1
DA:35,3
DA:36,1
DA:37,2
DA:38,1
DA:41,1
DA:45,52
DA:46,8
DA:50,52
DA:63,6
DA:70,6
DA:77,6
DA:84,6
DA:91,6
DA:99,6
LF:34
LH:34
BRDA:25,0,0,1
BRDA:25,0,1,7
BRDA:27,1,0,1
BRDA:27,1,1,6
BRDA:29,2,0,1
BRDA:29,2,1,5
BRDA:31,3,0,1
BRDA:31,3,1,4
BRDA:33,4,0,1
BRDA:33,4,1,3
BRDA:35,5,0,1
BRDA:35,5,1,2
BRDA:37,6,0,1
BRDA:37,6,1,1
BRDA:46,7,0,8
BRDA:46,7,1,2
BRDA:46,7,2,1
BRDA:46,7,3,1
BRDA:46,7,4,1
BRDA:52,8,0,52
BRDA:52,8,1,7
BRF:21
BRH:21
end_of_record
TN:
SF:src/Screens/SignupScreen/styles.js
FNF:0
FNH:0
LF:0
LH:0
BRF:0
BRH:0
end_of_record
